warning: Git tree '/private/etc/nix-darwin/.dotfiles' has uncommitted changes
these 21 derivations will be built:
  /nix/store/25m502jzs2wpyzmxnvkrr6lpyixc7d9h-nixos-rebuild-ng-26.05.drv
  /nix/store/6yh68z6j7is0bmwb1h0nvx373jmp39cg-system-path.drv
  /nix/store/piq4wmxrsdzz6vly5agk99z44q6x19is-dbus-1.drv
  /nix/store/26rsfvswb0x638wva850bslgy8k7x4c7-X-Restart-Triggers-dbus-broker.drv
  /nix/store/60s9sif57dg1gpxy3rsqqk88xg3ahaac-librewolf-150.0.1-1.drv
  /nix/store/99knh5xs2cpaq730h8c0fwr5c9ljf8wz-home-manager-path.drv
  /nix/store/3zsi4w71zbpcgv42x72g3j8q88ixr02z-user-environment.drv
  /nix/store/6hpr3lrkn0f9ysjhfck57shl770cgs2w-X-Restart-Triggers-polkit.drv
  /nix/store/p2i3m6z3dgyqvfy6s1krv0s4kwhyg1bv-unit-polkit.service.drv
  /nix/store/513j7d0zb7zsjyyxn4rqsw4qw44c1vai-hm_fontconfigconf.d10hmfonts.conf.drv
  /nix/store/fdri3f2dya2kg0px8p8brlbg4b6fnd7b-librewolf-native-messaging-hosts.drv
  /nix/store/skin8327n9ic9ngvwbzbql2dq70yjkdx-home-manager-files.drv
  /nix/store/hq0lvbd1wikq57avl9vm1b385cj0lpg4-home-manager-generation.drv
  /nix/store/pavkhvvagbpiwy9zkbnwhfxj50qm5jb9-unit-home-manager-8amps.service.drv
  /nix/store/z2s12knjyb6nsf7w15adh5zkvi72injb-unit-dbus-broker.service.drv
  /nix/store/85mivi1v3ysh4dgbarqb5pb1y9lvi34r-system-units.drv
  /nix/store/a4id5z2w92xzv0gj296ysddm6cpkx5bx-unit-dbus-broker.service.drv
  /nix/store/sy9w2am4l92nhbxz3widawifx31g0ada-user-units.drv
  /nix/store/4kfl8dwbxh2jcbg0d547sk8z4jzgi92v-etc.drv
  /nix/store/r3z7ny0jhdwghwsvnhl59lxa5np2khsa-activate.drv
  /nix/store/6gqnjsgj2qna5vq292k2586xxmd99xvw-nixos-system-dendritic-vm-26.05.20260505.549bd84.drv
building '/nix/store/60s9sif57dg1gpxy3rsqqk88xg3ahaac-librewolf-150.0.1-1.drv'...
librewolf> 
librewolf> 
error: Cannot build '/nix/store/60s9sif57dg1gpxy3rsqqk88xg3ahaac-librewolf-150.0.1-1.drv'.
       Reason: builder failed with exit code 1.
       Output paths:
         /nix/store/7gg436lqb256qp6gvmyij0p1cxf9a7q8-librewolf-150.0.1-1
       Last 2 log lines:
       >
       >
       For full logs, run:
         nix log /nix/store/60s9sif57dg1gpxy3rsqqk88xg3ahaac-librewolf-150.0.1-1.drv
error: Cannot build '/nix/store/99knh5xs2cpaq730h8c0fwr5c9ljf8wz-home-manager-path.drv'.
       Reason: 1 dependency failed.
       Output paths:
         /nix/store/j5a61xf55rpm4mm2kqqma4nisw8qcshb-home-manager-path
error: Cannot build '/nix/store/fdri3f2dya2kg0px8p8brlbg4b6fnd7b-librewolf-native-messaging-hosts.drv'.
       Reason: 1 dependency failed.
       Output paths:
         /nix/store/bnaw25dnc5fahazhjp65i582dnqxd8nh-librewolf-native-messaging-hosts
error: Build failed due to failed dependency
error: Build failed due to failed dependency
error: Cannot build '/nix/store/513j7d0zb7zsjyyxn4rqsw4qw44c1vai-hm_fontconfigconf.d10hmfonts.conf.drv'.
       Reason: 1 dependency failed.
       Output paths:
         /nix/store/cndnfyggp4zrwh036i7gkdc8rfkjbvi6-hm_fontconfigconf.d10hmfonts.conf
error: Cannot build '/nix/store/skin8327n9ic9ngvwbzbql2dq70yjkdx-home-manager-files.drv'.
       Reason: 1 dependency failed.
       Output paths:
         /nix/store/8g6hgracrwj4zjavl5vxp5zzfscxpbnm-home-manager-files
error: Cannot build '/nix/store/hq0lvbd1wikq57avl9vm1b385cj0lpg4-home-manager-generation.drv'.
       Reason: 1 dependency failed.
       Output paths:
         /nix/store/afxghi68dbims0pwa9sasf18d79v3xpa-home-manager-generation
error: Cannot build '/nix/store/3zsi4w71zbpcgv42x72g3j8q88ixr02z-user-environment.drv'.
       Reason: 1 dependency failed.
       Output paths:
         /nix/store/75svlm8qgmh5wmkjhmfrr4sc21p2s176-user-environment
error: Build failed due to failed dependency
error: Build failed due to failed dependency
error: Cannot build '/nix/store/4kfl8dwbxh2jcbg0d547sk8z4jzgi92v-etc.drv'.
       Reason: 1 dependency failed.
       Output paths:
         /nix/store/z1j07aqmyjcscc4hin8a1khwvw137m3v-etc
error: Cannot build '/nix/store/pavkhvvagbpiwy9zkbnwhfxj50qm5jb9-unit-home-manager-8amps.service.drv'.
       Reason: 1 dependency failed.
       Output paths:
         /nix/store/9y4h73gi3jw1jyikbsaw755s7qpm4jxi-unit-home-manager-8amps.service
error: Build failed due to failed dependency
error: Cannot build '/nix/store/r3z7ny0jhdwghwsvnhl59lxa5np2khsa-activate.drv'.
       Reason: 1 dependency failed.
       Output paths:
         /nix/store/yaya2ysvzk1mpamxpmwsxlkflwwmraim-activate
error: Cannot build '/nix/store/6gqnjsgj2qna5vq292k2586xxmd99xvw-nixos-system-dendritic-vm-26.05.20260505.549bd84.drv'.
       Reason: 1 dependency failed.
       Output paths:
         /nix/store/m3dwhjlzg33g6ahxyz79ikcdhh9rq4nj-nixos-system-dendritic-vm-26.05.20260505.549bd84
❌ git+file:///private/etc/nix-darwin/.dotfiles#nixosConfigurations.microvm.config.system.build.toplevel
error: Build failed due to failed dependency
